#
#model:
#
#<?xml version="1.0" encoding="UTF-8" standalone="no"?><input id="posterior" spec="beast.base.inference.CompoundDistribution">
#    <distribution id="prior" spec="beast.base.inference.CompoundDistribution">
#        <distribution id="BDMM" spec="bdmm.evolution.speciation.BirthDeathMigrationModel" stateNumber="3">
#            <parameter dimension="3" id="geo-frequencies" lower="0.0" name="frequencies" spec="beast.base.inference.parameter.RealParameter" upper="1.0">0.334 0.333 0.333</parameter>
#            <parameter dimension="2" id="RealParameter" name="samplingRateChangeTimes" spec="beast.base.inference.parameter.RealParameter">0.0 2.63</parameter>
#            <reverseTimeArrays dimension="4" id="BooleanParameter" spec="beast.base.inference.parameter.BooleanParameter">false false true false</reverseTimeArrays>
#            <parameter dimension="3" id="R0" lower="0.0" name="R0" spec="beast.base.inference.parameter.RealParameter">1.3</parameter>
#            <parameter dimension="3" id="becomeUninfectiousRate" lower="0.0" name="becomeUninfectiousRate" spec="beast.base.inference.parameter.RealParameter">40.0</parameter>
#            <parameter dimension="6" id="samplingProportion" lower="0.0" name="samplingProportion" spec="beast.base.inference.parameter.RealParameter" upper="1.0">0.0 0.01 0.0 0.01 0.0 0.01</parameter>
#            <parameter dimension="6" id="rateMatrix" lower="0.0" name="migrationMatrix" spec="beast.base.inference.parameter.RealParameter" upper="1000.0">1.0</parameter>
#            <tree id="tree" spec="multitypetree.evolution.tree.StructuredCoalescentMultiTypeTree">
#                <migrationModel id="MigrationModelForward" spec="bdmm.evolution.tree.MigrationModelForward">
#                    <rateMatrix id="Function$Constant" spec="beast.base.core.Function$Constant" value="0.1 1.0 0.1 1.0 0.2 0.2"/>
#                    <popSizes id="Function$Constant1" spec="beast.base.core.Function$Constant" value="1.0 1.0 1.0"/>
#                    <typeSet id="typeSet" spec="multitypetree.evolution.tree.TypeSet">
#                        <typeTraitSet id="typeTrait" spec="beast.base.evolution.tree.TraitSet" traitname="type">
#		SEA_2005.510_Cambodia/9/2005_H3N2=1,
#		SEA_2003.189_MALAYSIA/226/2003_H3N2=1,
#		SEA_2004.123_MALAYSIA/2556/2004_H3N2=1,
#		SEA_2004.536_Malaysia/1522/2004_H3N2=1,
#		SEA_2004.683_Malaysia/1875/2004_H3N2=1,
#		SEA_2004.746_Malaysia/2050/2004_H3N2=1,
#		SEA_2004.822_MALAYSIA/2256/2004_H3N2=1,
#		SEA_2005.066_Malaysia/99/2005_H3N2=1,
#		SEA_2005.562_Myanmar/M005/2005_H3N2=1,
#		SEA_2003.553_PHILIPPINES/621/2003_H3N2=1,
#		SEA_2003.553_PHILIPPINES/629/2003_H3N2=1,
#		SEA_2003.630_PHILIPPINES/1116/2003_H3N2=1,
#		SEA_2003.732_Philippines/825/2003_H3N2=1,
#		SEA_2005.411_Philippines/498/2005_H3N2=1,
#		SEA_2003.066_SINGAPORE/37/2003_H3N2=1,
#		SEA_2003.611_Mae_Hong_Son/317/2003_H3N2=1,
#		SEA_2003.611_Mae_Hong_Son/330/2003_H3N2=1,
#		SEA_2004.809_Lop_Buri/3128/2004_H3N2=1,
#		SEA_2005.200_Thailand/TH-TH-129-05/2005_H3N2=1,
#		SEA_2005.477_THAILAND/257/2005_H3N2=1,
#		AU_2003.633_South_Australia/19/2003_H3N2=2,
#		AU_2003.636_BRISBANE/68/2003_H3N2=2,
#		AU_2003.693_Queensland/40/2003_H3N2=2,
#		AU_2004.617_Victoria/500/2004_H3N2=2,
#		AU_2004.762_VICTORIA/144/2004_H3N2=2,
#		AU_2004.822_Queensland/50/2004_H3N2=2,
#		AU_2004.842_Victoria/523/2004_H3N2=2,
#		AU_2005.014_Perth/1/2005_H3N2=2,
#		AU_2005.468_Victoria/512/2005_egg_passaged_H3N2=2,
#		AU_2005.567_Queensland/53/2005_H3N2=2,
#		AU_2005.595_BRISBANE/119/2005_H3N2=2,
#		NZ_2003.488_Waikato/94/2003_H3N2_HA=2,
#		NZ_2003.537_Canterbury/416/2003_H3N2_HA=2,
#		NZ_2003.537_Canterbury/427/2003_H3N2_HA=2,
#		NZ_2003.510_Canterbury/406/2003_H3N2_HA=2,
#		NZ_2003.595_Canterbury/441/2003_H3N2_HA=2,
#		NZ_2003.600_Waikato/150/2003_H3N2_HA=2,
#		NZ_2004.680_Waikato/21/2004_H3N2_HA=2,
#		NZ_2004.686_Waikato/22/2004_H3N2_HA=2,
#		NZ_2005.518_Canterbury/166/2005_H3N2_HA=2,
#		NY_2003.348_CY001469_NY/203/2003_H3N2=0,
#		NY_2003.910_New_York/272/2003_H3N2=0,
#		NY_2003.978_New_York/66/2003_H3N2=0,
#		NY_2004.940_New_York/207/2004_H3N2=0,
#		NY_2004.973_New_York/392/2004_H3N2=0,
#		NY_2005.066_New_York/395/2005_H3N2=0,
#		Euro_Austria_2005.156_EU106668_A/Austria/211120/2005=0,
#		Euro_Austria_2004.038_CY026049_A/Austria/136353/2004=0,
#		Euro_Austria_2004.071_CY026061_A/Austria/138560/2004=0,
#		Euro_Austria_2005.066_CY026084_A/Austria/204233/2005=0,
#		Euro_Austria_2003.211_CY026134_A/Austria/82615/2003=0,
#		Euro_Finland_2003.038_EU501247_A/Finland/170/2003=0,
#		Euro_Finland_2004.973_EU502512_A/Finland/487/2004=0,
#		Euro_France_2005.014_EF566231_A/Lyon_Chu/01375/2005=0,
#		Euro_France_2004.820_EU501527_A/POITIERS/719/2004=0
#	                            <taxa id="TaxonSet" spec="beast.base.evolution.alignment.TaxonSet">
#                            </taxa>
#                        </typeTraitSet>
#                    </typeSet>
#                </migrationModel>
#                <typeSet idref="typeSet"/>
#                <trait idref="typeTrait"/>
#                <trait id="dateTrait" spec="beast.base.evolution.tree.TraitSet" taxa="@TaxonSet" traitname="date">SEA_2005.510_Cambodia/9/2005_H3N2=2005.51,
#		SEA_2003.189_MALAYSIA/226/2003_H3N2=2003.189,
#		SEA_2004.123_MALAYSIA/2556/2004_H3N2=2004.123,
#		SEA_2004.536_Malaysia/1522/2004_H3N2=2004.536,
#		SEA_2004.683_Malaysia/1875/2004_H3N2=2004.683,
#		SEA_2004.746_Malaysia/2050/2004_H3N2=2004.746,
#		SEA_2004.822_MALAYSIA/2256/2004_H3N2=2004.822,
#		SEA_2005.066_Malaysia/99/2005_H3N2=2005.066,
#		SEA_2005.562_Myanmar/M005/2005_H3N2=2005.562,
#		SEA_2003.553_PHILIPPINES/621/2003_H3N2=2003.553,
#		SEA_2003.553_PHILIPPINES/629/2003_H3N2=2003.553,
#		SEA_2003.630_PHILIPPINES/1116/2003_H3N2=2003.63,
#		SEA_2003.732_Philippines/825/2003_H3N2=2003.732,
#		SEA_2005.411_Philippines/498/2005_H3N2=2005.411,
#		SEA_2003.066_SINGAPORE/37/2003_H3N2=2003.066,
#		SEA_2003.611_Mae_Hong_Son/317/2003_H3N2=2003.611,
#		SEA_2003.611_Mae_Hong_Son/330/2003_H3N2=2003.611,
#		SEA_2004.809_Lop_Buri/3128/2004_H3N2=2004.809,
#		SEA_2005.200_Thailand/TH-TH-129-05/2005_H3N2=2005.2,
#		SEA_2005.477_THAILAND/257/2005_H3N2=2005.477,
#		AU_2003.633_South_Australia/19/2003_H3N2=2003.633,
#		AU_2003.636_BRISBANE/68/2003_H3N2=2003.636,
#		AU_2003.693_Queensland/40/2003_H3N2=2003.693,
#		AU_2004.617_Victoria/500/2004_H3N2=2004.617,
#		AU_2004.762_VICTORIA/144/2004_H3N2=2004.762,
#		AU_2004.822_Queensland/50/2004_H3N2=2004.822,
#		AU_2004.842_Victoria/523/2004_H3N2=2004.842,
#		AU_2005.014_Perth/1/2005_H3N2=2005.014,
#		AU_2005.468_Victoria/512/2005_egg_passaged_H3N2=2005.468,
#		AU_2005.567_Queensland/53/2005_H3N2=2005.567,
#		AU_2005.595_BRISBANE/119/2005_H3N2=2005.595,
#		NZ_2003.488_Waikato/94/2003_H3N2_HA=2003.488,
#		NZ_2003.537_Canterbury/416/2003_H3N2_HA=2003.537,
#		NZ_2003.537_Canterbury/427/2003_H3N2_HA=2003.537,
#		NZ_2003.510_Canterbury/406/2003_H3N2_HA=2003.51,
#		NZ_2003.595_Canterbury/441/2003_H3N2_HA=2003.595,
#		NZ_2003.600_Waikato/150/2003_H3N2_HA=2003.6,
#		NZ_2004.680_Waikato/21/2004_H3N2_HA=2004.68,
#		NZ_2004.686_Waikato/22/2004_H3N2_HA=2004.686,
#		NZ_2005.518_Canterbury/166/2005_H3N2_HA=2005.518,
#		NY_2003.348_CY001469_NY/203/2003_H3N2=2003.348,
#		NY_2003.910_New_York/272/2003_H3N2=2003.91,
#		NY_2003.978_New_York/66/2003_H3N2=2003.978,
#		NY_2004.940_New_York/207/2004_H3N2=2004.94,
#		NY_2004.973_New_York/392/2004_H3N2=2004.973,
#		NY_2005.066_New_York/395/2005_H3N2=2005.066,
#		Euro_Austria_2005.156_EU106668_A/Austria/211120/2005=2005.156,
#		Euro_Austria_2004.038_CY026049_A/Austria/136353/2004=2004.038,
#		Euro_Austria_2004.071_CY026061_A/Austria/138560/2004=2004.071,
#		Euro_Austria_2005.066_CY026084_A/Austria/204233/2005=2005.066,
#		Euro_Austria_2003.211_CY026134_A/Austria/82615/2003=2003.211,
#		Euro_Finland_2003.038_EU501247_A/Finland/170/2003=2003.038,
#		Euro_Finland_2004.973_EU502512_A/Finland/487/2004=2004.973,
#		Euro_France_2005.014_EF566231_A/Lyon_Chu/01375/2005=2005.014,
#		Euro_France_2004.820_EU501527_A/POITIERS/719/2004=2004.82</trait>
#            </tree>
#        </distribution>
#        <prior id="rateMatrixPrior" name="distribution" x="@rateMatrix">
#            <LogNormal id="LogNormalDistributionModel" name="distr">
#                <M id="Function$Constant2" spec="beast.base.core.Function$Constant" value="0.0"/>
#                <S id="Function$Constant3" spec="beast.base.core.Function$Constant" value="1.0"/>
#            </LogNormal>
#        </prior>
#        <prior id="KappaPrior.CP1+2" name="distribution">
#            <parameter id="kappa.CP1+2" lower="0.0" name="x" spec="beast.base.inference.parameter.RealParameter">7.0</parameter>
#            <LogNormal id="LogNormalDistributionModel1" name="distr">
#                <M id="Function$Constant4" spec="beast.base.core.Function$Constant" value="1.0"/>
#                <S id="Function$Constant5" spec="beast.base.core.Function$Constant" value="1.25"/>
#            </LogNormal>
#        </prior>
#        <prior id="KappaPrior.CP3" name="distribution">
#            <parameter id="kappa.CP3" lower="0.0" name="x" spec="beast.base.inference.parameter.RealParameter">7.0</parameter>
#            <LogNormal id="LogNormalDistributionModel2" name="distr">
#                <M id="Function$Constant6" spec="beast.base.core.Function$Constant" value="1.0"/>
#                <S id="Function$Constant7" spec="beast.base.core.Function$Constant" value="1.25"/>
#            </LogNormal>
#        </prior>
#        <prior id="R0PriorS" name="distribution" x="@R0">
#            <LogNormal id="LogNormalDistributionModel3" name="distr">
#                <M id="Function$Constant8" spec="beast.base.core.Function$Constant" value="0.0"/>
#                <S id="Function$Constant9" spec="beast.base.core.Function$Constant" value="1.25"/>
#            </LogNormal>
#        </prior>
#        <prior id="becomeUninfectiousRatePriorS" name="distribution" x="@becomeUninfectiousRate">
#            <Normal id="Normal" name="distr">
#                <mean id="Function$Constant10" spec="beast.base.core.Function$Constant" value="90.0"/>
#                <sigma id="Function$Constant11" spec="beast.base.core.Function$Constant" value="10.0"/>
#            </Normal>
#        </prior>
#        <distribution id="samplingProportionPriorS" spec="multitypetree.distributions.ExcludablePrior" x="@samplingProportion">
#            <xInclude dimension="6" id="BooleanParameter1" spec="beast.base.inference.parameter.BooleanParameter">false true false true false true</xInclude>
#            <Beta id="Beta.0" name="distr">
#                <alpha id="Function$Constant12" spec="beast.base.core.Function$Constant" value="1.0"/>
#                <beta id="Function$Constant13" spec="beast.base.core.Function$Constant" value="9999.0"/>
#            </Beta>
#        </distribution>
#    </distribution>
#    <distribution id="likelihood" spec="beast.base.inference.CompoundDistribution">
#        <distribution id="treeLikelihood.CP1+2" spec="beast.base.evolution.likelihood.TreeLikelihood" tree="@tree">
#            <data data="@Bahl_H3N2" filter="1::3,2::3" id="Bahl_H3N2.CP1+2" spec="beast.base.evolution.alignment.FilteredAlignment"/>
#            <siteModel id="SiteModel.s:Bahl_H3N2.CP1+2" spec="beast.base.evolution.sitemodel.SiteModel">
#                <parameter estimate="false" id="mutationRate.CP1+2" name="mutationRate" spec="beast.base.inference.parameter.RealParameter">1.0</parameter>
#                <substModel id="hky.CP1+2" kappa="@kappa.CP1+2" spec="beast.base.evolution.substitutionmodel.HKY">
#                    <frequencies id="estimatedFreqs.CP1+2" spec="beast.base.evolution.substitutionmodel.Frequencies">
#                        <parameter dimension="4" id="freqParameter.CP1+2" lower="0.0" name="frequencies" spec="beast.base.inference.parameter.RealParameter" upper="1.0">0.25</parameter>
#                    </frequencies>
#                </substModel>
#            </siteModel>
#            <branchRateModel id="StrictClock" spec="beast.base.evolution.branchratemodel.StrictClockModel">
#                <parameter id="clockRate" name="clock.rate" spec="beast.base.inference.parameter.RealParameter">0.00805</parameter>
#            </branchRateModel>
#        </distribution>
#        <distribution branchRateModel="@StrictClock" id="treeLikelihood.CP3" spec="beast.base.evolution.likelihood.TreeLikelihood" tree="@tree">
#            <data data="@Bahl_H3N2" filter="3::3" id="Bahl_H3N2.CP3" spec="beast.base.evolution.alignment.FilteredAlignment"/>
#            <siteModel id="SiteModel.s:Bahl_H3N2.CP3" spec="beast.base.evolution.sitemodel.SiteModel">
#                <parameter estimate="false" id="mutationRate.CP3" name="mutationRate" spec="beast.base.inference.parameter.RealParameter">1.0</parameter>
#                <substModel id="hky.CP3" kappa="@kappa.CP3" spec="beast.base.evolution.substitutionmodel.HKY">
#                    <frequencies id="estimatedFreqs.CP3" spec="beast.base.evolution.substitutionmodel.Frequencies">
#                        <parameter dimension="4" id="freqParameter.CP3" lower="0.0" name="frequencies" spec="beast.base.inference.parameter.RealParameter" upper="1.0">0.25</parameter>
#                    </frequencies>
#                </substModel>
#            </siteModel>
#        </distribution>
#    </distribution>
#</input>
#
Sample	ESS(posterior)	posterior	prior	BDMM	likelihood	treeLikelihood.CP1+2	treeLikelihood.CP3	TreeHeight	TreeRootCol	tree.count_0_to_1	tree.count_0_to_2	tree.count_1_to_0	tree.count_1_to_2	tree.count_2_to_0	tree.count_2_to_1	R0.1	R0.2	R0.3	becomeUninfectiousRate.1	becomeUninfectiousRate.2	becomeUninfectiousRate.3	samplingProportion.1	samplingProportion.2	samplingProportion.3	samplingProportion.4	samplingProportion.5	samplingProportion.6	rateMatrix.1	rateMatrix.2	rateMatrix.3	rateMatrix.4	rateMatrix.5	rateMatrix.6	mutationRate.CP1+2	mutationRate.CP3	kappa.CP1+2	kappa.CP3	freqParameter.CP1+2.1	freqParameter.CP1+2.2	freqParameter.CP1+2.3	freqParameter.CP1+2.4	freqParameter.CP3.1	freqParameter.CP3.2	freqParameter.CP3.3	freqParameter.CP3.4	clockRate	geo-frequencies.1	geo-frequencies.2	geo-frequencies.3
0	N	-5429.276159420404	-1441.2369385924662	-1103.7116414581337	-3988.039220827938	-2446.3757150381275	-1541.6635057898106	30.760581784319726	1	4	9	2	7	19	11	1.3	1.3	1.3	40.0	40.0	40.0	0.0	0.01	0.0	0.01	0.0	0.01	1.0	1.0	1.0	1.0	1.0	1.0	1.0	1.0	7.0	7.0	0.25	0.25	0.25	0.25	0.25	0.25	0.25	0.25	0.00805	0.334	0.333	0.333
1000	3.0	-3588.4238808789846	-226.43039269179764	-134.70553751818738	-3361.993488187187	-2015.8106003352145	-1346.182887851972	6.015306840371382	0	10	10	12	8	16	13	0.97355096363305	1.0455219509310882	0.9815359551407363	66.3695150345634	66.3695150345634	66.3695150345634	0.0	0.0025124482820291986	0.0	0.0030258079194124647	0.0	0.002915170462522222	1.1080136361780435	1.028090439703483	1.216295931833982	1.6716233624701609	0.8202287584326861	1.01584432773031	1.0	1.0	6.952275306818896	7.746864947054179	0.2584099673132207	0.2415900326867793	0.25	0.25	0.25675031197397624	0.24581089970443393	0.2474387883215898	0.25	0.00805	0.276364397213183	0.3863732231348475	0.33726237965196953
2000	4.2	-3413.805918054508	-160.09548966897722	-117.47339427012533	-3253.7104283855306	-1940.9862477266029	-1312.7241806589277	4.512351056463749	1	16	9	17	12	13	15	0.9982979006722728	1.0176016759567637	1.0015939721189242	74.42668756034166	74.42668756034166	74.42668756034166	0.0	0.0011178146673425319	0.0	0.001613243336266265	0.0	0.0012868013682444466	1.19798045838784	0.739087152156453	1.5920597784458586	1.4060154270408813	0.9496379835669736	0.716915772352664	1.0	1.0	6.692910542165222	9.568837617889798	0.26613420278698297	0.22653169043239385	0.2573341067806232	0.25	0.2522000280932854	0.25036118358512477	0.2474387883215898	0.25	0.00805	0.1299103313887136	0.5285775932365414	0.34151207537474504
3000	3.5	-3358.197095376058	-132.94835055804822	-118.74722948355277	-3225.2487448180095	-1928.8452895639457	-1296.4034552540638	4.404888507241564	2	15	8	15	8	14	9	1.0011048122386264	0.9991515369648034	0.9870455680425689	92.36499649902044	92.36499649902044	92.36499649902044	0.0	4.0360169587788164E-4	0.0	7.117240487347725E-4	0.0	5.727858381191217E-4	1.0425048693370227	0.770670643493468	1.0438505319307936	1.218782354133625	1.1495689931647	0.8382325122837223	1.0	1.0	4.2831245847645985	7.7692638960205	0.26613420278698297	0.22653169043239385	0.2573341067806232	0.25	0.2522000280932854	0.2435807363126732	0.2474387883215898	0.25678044727245153	0.00805	0.03430054854744097	0.5285775932365414	0.4371218582160177
4000	4.0	-3261.0683040345216	-124.54550070621434	-112.39155970973394	-3136.5228033283074	-1856.9672117230225	-1279.555591605285	3.9164377932883916	0	14	7	17	6	9	10	1.0076626699009164	1.0048492437255805	0.9935113289322233	82.68140305437834	82.68140305437834	82.68140305437834	0.0	3.9570364940662934E-4	0.0	6.285270204433661E-4	0.0	4.418103300832334E-4	1.4237395577463656	0.6179887336462512	1.1647822951708517	0.981275802703636	0.7581085043511832	0.806365532688061	1.0	1.0	3.4242774416714026	7.812726515101813	0.26613420278698297	0.22553939109014187	0.25274000197903873	0.25558640414383643	0.2506777243205229	0.24510304008543574	0.24875174345973616	0.25546749213430514	0.00805	0.03430054854744097	0.5285775932365414	0.4371218582160177
5000	6.7	-3157.918019480799	-98.92372809502007	-93.13387297521436	-3058.994291385779	-1800.2228597166516	-1258.7714316691274	3.8882340182895807	0	8	11	15	1	11	10	1.0131838892772893	1.0105591750065839	0.999156833917696	93.39413665776196	93.39413665776196	93.39413665776196	0.0	2.849131695105772E-4	0.0	3.75039965063272E-4	0.0	2.101307584186092E-4	1.3788409956860037	1.231779825963608	0.7514581461099344	1.131038687885705	0.6888890164807017	0.43811040490959763	1.0	1.0	3.347656447323387	9.293383520060498	0.26613420278698297	0.2221021362764695	0.25863769179628837	0.2531259691402592	0.2551945318875079	0.2433133224706372	0.24423493589275114	0.25725720974910365	0.00805	0.1067957066299295	0.495371470795122	0.39783282257494856
6000	6.8	-3104.8594334342624	-124.05492014366061	-120.46506051833109	-2980.804513290602	-1778.9070672132682	-1201.8974460773338	3.8567557254127744	1	12	10	18	6	10	15	0.9996066486137916	0.9970171070078945	1.002278908370073	91.32637052820505	91.32637052820505	91.32637052820505	0.0	2.459734574426669E-4	0.0	3.0268012472529823E-4	0.0	1.429073725389712E-4	1.233852195558926	1.243378721385419	0.6397273404155237	0.824882464374199	0.6878184776744395	0.2958865258507802	1.0	1.0	4.235166050699785	9.293383520060498	0.26613420278698297	0.2221021362764695	0.25863769179628837	0.2531259691402592	0.2551945318875079	0.2433133224706372	0.24423493589275114	0.25725720974910365	0.00805	0.18934585672389337	0.4128213207011582	0.39783282257494856
7000	6.7	-3013.961203630163	-109.08401607418492	-103.46953115368524	-2904.877187555978	-1709.2615807953664	-1195.6156067606116	3.848641004645254	1	13	6	13	8	15	8	1.0260370044626885	1.0110166966480776	1.0011586948111129	89.82974833343926	89.82974833343926	89.82974833343926	0.0	2.9807224140818866E-4	0.0	3.101238182368984E-4	0.0	1.2879049140347286E-4	1.8514487459231639	1.9300624373226423	0.9794705413396743	0.9651181874459692	0.4939496498609019	0.5232133895871743	1.0	1.0	4.235166050699785	9.293383520060498	0.26613420278698297	0.2221021362764695	0.25863769179628837	0.2531259691402592	0.25099027127364515	0.23919891343777944	0.24423493589275114	0.26557587939582417	0.00805	0.236533294281046	0.42969092776824735	0.3337757779507068
8000	6.3	-2970.8842756895565	-119.0633498682	-112.63819446942163	-2851.8209258213565	-1683.017801916275	-1168.8031239050817	3.7677274948534714	1	12	8	12	8	18	6	1.0272356767080215	1.0121978213527119	1.0039460154316122	98.6601617698189	98.6601617698189	98.6601617698189	0.0	2.555130933140873E-4	0.0	3.155311427533019E-4	0.0	1.1412882205351197E-4	2.0112688497698556	1.8732428795563743	1.4643337988587501	1.0810916012646665	0.3183329235769503	0.30896695080952136	1.0	1.0	4.0889953415589515	7.560475742778594	0.26613420278698297	0.22961226207505012	0.25863769179628837	0.24561584334167857	0.25257474854190326	0.24419500329892202	0.23923884603160855	0.26399140212756605	0.00805	0.236533294281046	0.42969092776824735	0.3337757779507068
9000	6.0	-2931.7628231589897	-106.34046895465423	-96.93313222590896	-2825.4223542043355	-1662.0727752287896	-1163.349578975546	3.3803445380625923	0	14	5	12	9	16	7	1.0328641264194476	1.017743875354415	0.9876053249944733	104.37715555115125	104.37715555115125	104.37715555115125	0.0	2.520782141068994E-4	0.0	3.619549936364885E-4	0.0	1.6016874771156023E-4	1.8471145481652895	1.9584296667873329	1.241658733376502	1.4338401657380506	0.2525391889980481	0.4378009334677316	1.0	1.0	4.573969901690844	6.909458054325441	0.26613420278698297	0.22961226207505012	0.25863769179628837	0.24561584334167857	0.2638924297457643	0.2371754197630477	0.23923884603160855	0.25969330445957933	0.00805	0.383515249184729	0.37723674029421295	0.2392480105210582
10000	2.5	-2918.32658882916	-106.74061665727143	-100.87138500590974	-2811.5859721718884	-1652.0250085513314	-1159.560963620557	3.372117192118971	0	10	4	9	10	12	9	1.0375412058634848	0.9988099045186917	1.00060352993509	92.53893999458117	92.53893999458117	92.53893999458117	0.0	2.1689356526080416E-4	0.0	3.5353112755656755E-4	0.0	1.8679350268614294E-4	1.5713274663530739	2.261126856327602	1.1518335630812422	0.9750295003617133	0.18382082018180718	0.30421377186380427	1.0	1.0	4.573969901690844	6.909458054325441	0.26613420278698297	0.22223645369319597	0.25863769179628837	0.2529916517235327	0.2638924297457643	0.2371754197630477	0.23923884603160855	0.25969330445957933	0.00805	0.4367379292526321	0.32401406022630985	0.2392480105210582
11000	2.6	-2873.287901655345	-104.64118246845894	-97.25244111988607	-2768.6467191868865	-1619.2312926287536	-1149.4154265581328	3.378401436974186	0	14	5	13	3	10	7	1.0336469195326217	1.0201501927035712	0.9968478847354403	80.93973422538838	80.93973422538838	80.93973422538838	0.0	2.7155062352670516E-4	0.0	2.878670440698993E-4	0.0	2.1369015301895113E-4	1.0608942403813568	1.7754781158788209	1.4976723538730996	1.32680468243206	0.18875455421202048	0.34640808681312046	1.0	1.0	4.573969901690844	9.11911263617616	0.2729947205814364	0.22223645369319597	0.25863769179628837	0.24613113392907926	0.2598698524967552	0.2376829073848071	0.23873135840984916	0.26371588170858845	0.00805	0.4367379292526321	0.32401406022630985	0.2392480105210582
12000	2.6	-2855.6681609782963	-113.23711046544703	-107.2965128977827	-2742.431050512849	-1597.3069229777145	-1145.1241275351347	3.285761881819794	0	8	5	7	5	9	8	1.028589207064481	1.0151585207394678	0.9919702327246882	97.60340472225379	97.60340472225379	97.60340472225379	0.0	2.5277602806350884E-4	0.0	2.492603995602056E-4	0.0	1.9318357531474025E-4	0.806113907129482	1.1782543013681772	2.027180115549746	1.343187185376637	0.17907477637369987	0.397175047733653	1.0	1.0	4.573969901690844	9.11911263617616	0.28023539713343587	0.21499577714119653	0.25863769179628837	0.24613113392907926	0.26362130696758135	0.2376829073848071	0.23873135840984916	0.2599644272377623	0.00805	0.4638500619214639	0.3258524261675703	0.210297511910966
13000	2.6	-2824.737427165941	-102.3995889180322	-95.98372449852549	-2722.3378382479086	-1585.6082769566096	-1136.7295612912992	3.187643375049682	0	15	3	11	6	12	7	1.033274203659441	1.0197823435254196	0.9734499371398985	89.12733732184964	89.12733732184964	89.12733732184964	0.0	2.60596072441147E-4	0.0	2.6410287323771E-4	0.0	2.6477049805682853E-4	0.9760539602344321	1.3054653317020042	1.5139873827567625	2.289536061964841	0.26373023439764587	0.5629814016167054	1.0	1.0	4.516225216420974	8.421163162887137	0.2860869344144724	0.20914423986015998	0.2638843712754309	0.24088445444993672	0.26362130696758135	0.2376829073848071	0.23873135840984916	0.2599644272377623	0.00805	0.4882245878867624	0.2173751449333381	0.29440026717989976
14000	2.7	-2787.4147458886946	-97.51365206452374	-90.15166350041655	-2689.901093824171	-1566.422623379451	-1123.47847044472	3.251565146605446	1	19	3	15	7	13	8	1.0220369515450192	1.0209216946558537	0.9811531973277696	96.67295110092498	96.67295110092498	96.67295110092498	0.0	2.3211350161844233E-4	0.0	2.55040630313152E-4	0.0	2.4568185112496926E-4	1.4274163395493094	1.9327718690728588	1.7157183944450591	1.750360536170475	0.22438239146690586	0.6184484216225762	1.0	1.0	4.516225216420974	8.421163162887137	0.2860869344144724	0.20914423986015998	0.2564960722478353	0.24827275347753228	0.26329758172291823	0.24558845958291017	0.2278614217865291	0.2632525369076424	0.00805	0.4099109731573339	0.2956887596627666	0.29440026717989976
15000	2.7	-2783.159257440524	-97.70364158853658	-87.42617206289125	-2685.455615851987	-1565.8207410808789	-1119.6348747711083	3.295899917282569	0	18	2	14	13	13	11	1.0258007901109938	1.0246814260837407	0.984766473968745	91.36664273850565	91.36664273850565	91.36664273850565	0.0	2.618959594493139E-4	0.0	3.6174769290938687E-4	0.0	2.972536178692249E-4	2.0667475628464755	2.0364144746037622	1.7347815976204177	1.9817285686005635	0.3579245501762596	0.9585254638196035	1.0	1.0	4.516225216420974	11.60080235311186	0.2953752481649614	0.20914423986015998	0.2564960722478353	0.23898443972704328	0.2703111323074451	0.2529142018634655	0.2219443598093724	0.25483030601971685	0.00805	0.5045930844270601	0.2010066483930404	0.29440026717989976
16000	2.7	-2773.655859551837	-99.62570361593285	-87.81701643901081	-2674.030155935904	-1556.2872692555864	-1117.742886680318	3.244785094841369	0	15	3	11	14	12	10	1.0174538011974823	1.00960910593095	0.9767533832011647	92.00397257414764	92.00397257414764	92.00397257414764	0.0	2.5012881552395383E-4	0.0	5.989648077920424E-4	0.0	4.0675997032765267E-4	1.7182929708898278	1.741606982561413	1.2508800455583156	1.478789831521543	0.3821889786375737	1.0536859275679233	1.0	1.0	4.516225216420974	9.07303047391103	0.2953752481649614	0.20354405721175642	0.2620962548962389	0.23898443972704328	0.2703111323074451	0.2529142018634655	0.2219443598093724	0.25483030601971685	0.00805	0.5045930844270601	0.2010066483930404	0.29440026717989976
17000	2.8	-2763.799621761154	-93.320810174521	-79.2713571298075	-2670.478811586633	-1553.5656241823513	-1116.9131874042816	3.250440778301915	0	15	2	12	12	9	11	1.0215563338262377	1.013680007523234	0.9898345292167264	97.58652573584432	97.58652573584432	97.58652573584432	0.0	3.6700324996541926E-4	0.0	5.993876549310932E-4	0.0	4.917143564766801E-4	0.8124985168286025	1.9055145019403297	1.1709335155902632	1.9269044374591828	0.2832556794046107	0.7934968138815496	1.0	1.0	3.4401045128377854	11.044232302936283	0.2953752481649614	0.2089793447107352	0.23845859659773136	0.257186810526572	0.2703111323074451	0.26506009832730215	0.218979427571769	0.2456493417934836	0.00805	0.5045930844270601	0.16613114330437945	0.3292757722685607
18000	2.8	-2749.0575974022745	-83.16027120389649	-70.02171758398099	-2665.897326198378	-1549.6200054407916	-1116.2773207575863	3.1942754061839853	1	15	3	7	13	13	8	1.0186206715181212	1.0107669795363865	0.9856915270168147	91.64588996651656	91.64588996651656	91.64588996651656	0.0	3.4780659718033007E-4	0.0	6.136443137611941E-4	0.0	4.7351687838024376E-4	0.6216062258599835	1.3158426091587703	1.7838073668454577	1.1612307684131584	0.2991220654242344	1.6874546235708037	1.0	1.0	3.909670153440792	11.044232302936283	0.2953752481649614	0.2089793447107352	0.23845859659773136	0.257186810526572	0.2703111323074451	0.265963803887516	0.22611953811078309	0.23760552569425566	0.00805	0.5045930844270601	0.16613114330437945	0.3292757722685607
19000	2.8	-2730.0206940571547	-82.85902793561289	-73.58196780516028	-2647.1616661215417	-1537.213189795802	-1109.9484763257396	3.234514212579734	2	13	5	4	14	14	9	1.0153676840818973	1.0026596703475275	0.9849099864145218	91.90340082734745	91.90340082734745	91.90340082734745	0.0	2.7013431717435254E-4	0.0	4.36457729706349E-4	0.0	4.3220355331585465E-4	0.5581400643553859	1.463731407602944	1.0209573224256223	1.461511742184424	0.36375291203186233	1.4084403077267302	1.0	1.0	3.6085719923658774	10.02968338521103	0.2953752481649614	0.2089793447107352	0.23845859659773136	0.257186810526572	0.2703111323074451	0.24772883873475648	0.22611953811078309	0.2558404908470152	0.00805	0.6055044192943009	0.07744149009893497	0.3170540906067643
20000	2.8	-2723.8533820117914	-86.05912521682173	-72.89154271478303	-2637.7942567949694	-1529.4645424265577	-1108.3297143684117	3.079268022306017	0	14	5	8	9	14	9	1.0220330939814979	1.0096680617715845	0.9776716337589805	100.12223575043365	100.12223575043365	100.12223575043365	0.0	3.0210782719910405E-4	0.0	4.936798389764556E-4	0.0	4.8421357969017037E-4	0.6982057515113473	1.698517554792694	0.7999964445984553	2.0030765438449047	0.4445774422273269	1.5385764191258118	1.0	1.0	4.291626485331094	10.21794692027804	0.2953752481649614	0.2089793447107352	0.23845859659773136	0.257186810526572	0.2703111323074451	0.24772883873475648	0.22611953811078309	0.2558404908470152	0.00805	0.5234996202955309	0.0897524164540551	0.38674796325041416
21000	2.9	-2702.2438945857507	-83.92968569433077	-72.9904786683904	-2618.31420889142	-1519.2306298268345	-1099.0835790645854	3.0653075441967013	2	12	5	5	12	12	8	1.0227924568609126	1.0075910192827302	0.9783980364080775	99.55589082231334	99.55589082231334	99.55589082231334	0.0	2.7962574451867683E-4	0.0	4.166335585039458E-4	0.0	4.1618128807207277E-4	0.6827688816606133	2.4646185507900547	0.6152709223126991	1.8932889596460445	0.7454213761397227	1.0999200554339812	1.0	1.0	4.19150939605672	7.580277883381863	0.2945561125548691	0.20979848032082754	0.23845859659773136	0.257186810526572	0.2703111323074451	0.24772883873475648	0.22611953811078309	0.2558404908470152	0.00805	0.5234996202955309	0.0897524164540551	0.38674796325041416
22000	2.9	-2698.353057192241	-79.78149652918526	-70.1453979477642	-2618.5715606630556	-1519.0737135539523	-1099.4978471091033	2.9972533809992132	1	10	10	4	7	18	6	1.0296207667111645	1.0329635960453525	0.9877322266245868	89.94117046766928	89.94117046766928	89.94117046766928	0.0	3.4470072573796915E-4	0.0	3.408292234330407E-4	0.0	4.575111482718542E-4	0.7281394595488316	2.267014295786816	0.8207823185504879	1.7127747938744526	0.9033668730365022	0.8536247346170399	1.0	1.0	4.19150939605672	7.102467940616424	0.2945561125548691	0.20979848032082754	0.23842653929285046	0.2572188678314529	0.2637513967407995	0.2431932647231183	0.22472789211905167	0.2683274464170304	0.00805	0.5234996202955309	0.11313144990275939	0.3633689298017099
23000	2.9	-2700.815890351811	-82.39066069957616	-73.54361176699817	-2618.425229652235	-1523.9133907250541	-1094.5118389271809	3.0078037290184483	1	10	11	5	4	17	4	1.0219012844395547	1.025219051233615	0.9867253556396814	89.48350482589558	89.48350482589558	89.48350482589558	0.0	2.8636478437280314E-4	0.0	3.6504034894143625E-4	0.0	3.641033511034604E-4	0.7098418717935219	1.7442092280418595	1.511139451743445	1.2825195275667614	1.6335991511124106	0.5954732544858273	1.0	1.0	4.826733919101137	7.232242345136282	0.31170889073711655	0.2015350291447631	0.24669215462153815	0.2400639254965822	0.2637513967407995	0.2431932647231183	0.22472789211905167	0.2683274464170304	0.00805	0.5819619258079061	0.23965685673050474	0.17838121746158925
24000	3.0	-2692.616048316886	-83.66577539463556	-73.78450734656582	-2608.9502729222504	-1513.822652913931	-1095.1276200083191	3.025212800061187	1	10	10	3	10	18	7	1.0248274978213152	1.028154765037518	0.9788750597087539	92.87966762870289	92.87966762870289	92.87966762870289	0.0	2.4964405950986073E-4	0.0	3.757788843426994E-4	0.0	3.0545684604698693E-4	0.11163474479368819	2.983683235154834	1.0362693884456642	2.1573328735102764	1.5128532234035386	0.6843461387608526	1.0	1.0	4.826733919101137	7.230685202017006	0.31170889073711655	0.2015350291447631	0.24669215462153815	0.2400639254965822	0.2637513967407995	0.24527351414863766	0.22472789211905167	0.266247196991511	0.00805	0.6451572908332985	0.16154007629962405	0.19330263286707752
25000	3.0	-2681.079853431603	-86.12394090195298	-75.36078642767653	-2594.95591252965	-1501.716544250826	-1093.2393682788238	3.0145077924833283	1	10	10	5	12	15	11	0.9987303880164651	1.0345964161783987	0.9850079609601746	82.60628521466339	82.60628521466339	82.60628521466339	0.0	4.1998640923749097E-4	0.0	4.25392209878516E-4	0.0	4.019608091053313E-4	0.566961593345959	2.0355360918041656	0.9672878997234569	1.5733630435227781	0.8818991039511642	0.7165248546695254	1.0	1.0	3.3547107695427796	7.230685202017006	0.319673727788426	0.20863604206476113	0.2387273175702287	0.23296291257658416	0.2637936817501128	0.25008108731402756	0.22472789211905167	0.26139733881680777	0.00805	0.7100745175891354	0.16154007629962405	0.1283854061112406
26000	3.0	-2689.0629293065203	-89.45820261366904	-76.99006345474375	-2599.6047266928513	-1504.7139989737072	-1094.890727719144	2.9991908985813325	1	10	6	3	13	12	12	0.9997341026668414	1.0455323469587772	0.9908763007385072	97.82112977724498	97.82112977724498	97.82112977724498	0.0	5.786857738248969E-4	0.0	6.202534426977143E-4	0.0	2.3776206438664107E-4	0.2835901945223252	1.4109842727550097	1.2493064624633274	2.0777791625664808	0.4696042808901282	0.3710685270087532	1.0	1.0	3.8630702102465246	7.230685202017006	0.319673727788426	0.20863604206476113	0.2370944881974001	0.23459574194941277	0.2637936817501128	0.25008108731402756	0.2272030400533142	0.2589221908825452	0.00805	0.7258627537374073	0.16154007629962405	0.11259716996296878
